<?xml version="1.0" encoding="UTF-8"?>
<!-- Generated by org.testng.reporters.JUnitReportReporter -->
<testsuite hostname="DESKTOP-GAJDAQ8" failures="0" tests="1" name="testPackage.ActiTimeTestValidLogin" time="7.902" errors="0" timestamp="2023-01-26T15:43:53 PST" skipped="0">
  <testcase classname="testPackage.ActiTimeTestValidLogin" name="validTest" time="7.902"/>
  <system-out/>
</testsuite> <!-- testPackage.ActiTimeTestValidLogin -->
