<?xml version="1.0" encoding="UTF-8"?>
<!-- Generated by org.testng.reporters.JUnitReportReporter -->
<testsuite hostname="DESKTOP-GAJDAQ8" failures="0" tests="1" name="testPackage.ActiTimeInvalidLogin" time="9.020" errors="0" timestamp="2023-01-26T15:40:37 PST" skipped="0">
  <testcase classname="testPackage.ActiTimeInvalidLogin" name="validTest" time="9.020"/>
  <system-out/>
</testsuite> <!-- testPackage.ActiTimeInvalidLogin -->
